<?xml version="1.0" encoding="UTF-8"?>
<testsuite xmlns:xsi="http://www.w3.org/2001/XMLSchema-instance" xsi:noNamespaceSchemaLocation="https://maven.apache.org/surefire/maven-surefire-plugin/xsd/surefire-test-report.xsd" name="com.rest.RestfulTestApplicationTests" time="12.808" tests="4" errors="4" skipped="0" failures="0">
  <properties>
[...]
</properties>
  <testcase name="test_get_all_customers_getForEntity" classname="com.rest.RestfulTestApplicationTests" time="2.049">
    <error message="I/O error on GET request for &quot;http://localhost:8080/customers&quot;: Connection refused: connect; nested exception is java.net.ConnectException: Connection refused: connect" type="org.springframework.web.client.ResourceAccessException">org.springframework.web.client.ResourceAccessException: I/O error on GET request for "http://localhost:8080/customers": Connection refused: connect; nested exception is java.net.ConnectException: Connection refused: connect
	at com.rest.RestfulTestApplicationTests.test_get_all_customers_getForEntity(RestfulTestApplicationTests.java:39)
Caused by: java.net.ConnectException: Connection refused: connect
	at com.rest.RestfulTestApplicationTests.test_get_all_customers_getForEntity(RestfulTestApplicationTests.java:39)
</error>
    <system-out><![CDATA[17:02:41.570 [main] DEBUG org.springframework.test.context.junit4.SpringJUnit4ClassRunner - SpringJUnit4ClassRunner constructor called with [class com.rest.RestfulTestApplicationTests]
17:02:41.584 [main] DEBUG org.springframework.test.context.BootstrapUtils - Instantiating CacheAwareContextLoaderDelegate from class [org.springframework.test.context.cache.DefaultCacheAwareContextLoaderDelegate]
17:02:41.601 [main] DEBUG org.springframework.test.context.BootstrapUtils - Instantiating BootstrapContext using constructor [public org.springframework.test.context.support.DefaultBootstrapContext(java.lang.Class,org.springframework.test.context.CacheAwareContextLoaderDelegate)]
17:02:41.644 [main] DEBUG org.springframework.test.context.BootstrapUtils - Instantiating TestContextBootstrapper for test class [com.rest.RestfulTestApplicationTests] from class [org.springframework.boot.test.context.SpringBootTestContextBootstrapper]
17:02:41.678 [main] INFO org.springframework.boot.test.context.SpringBootTestContextBootstrapper - Neither @ContextConfiguration nor @ContextHierarchy found for test class [com.rest.RestfulTestApplicationTests], using SpringBootContextLoader
17:02:41.685 [main] DEBUG org.springframework.test.context.support.AbstractContextLoader - Did not detect default resource location for test class [com.rest.RestfulTestApplicationTests]: class path resource [com/rest/RestfulTestApplicationTests-context.xml] does not exist
17:02:41.686 [main] DEBUG org.springframework.test.context.support.AbstractContextLoader - Did not detect default resource location for test class [com.rest.RestfulTestApplicationTests]: class path resource [com/rest/RestfulTestApplicationTestsContext.groovy] does not exist
17:02:41.686 [main] INFO org.springframework.test.context.support.AbstractContextLoader - Could not detect default resource locations for test class [com.rest.RestfulTestApplicationTests]: no resource found for suffixes {-context.xml, Context.groovy}.
17:02:41.690 [main] INFO org.springframework.test.context.support.AnnotationConfigContextLoaderUtils - Could not detect default configuration classes for test class [com.rest.RestfulTestApplicationTests]: RestfulTestApplicationTests does not declare any static, non-private, non-final, nested classes annotated with @Configuration.
17:02:41.792 [main] DEBUG org.springframework.test.context.support.ActiveProfilesUtils - Could not find an 'annotation declaring class' for annotation type [org.springframework.test.context.ActiveProfiles] and class [com.rest.RestfulTestApplicationTests]
17:02:41.966 [main] DEBUG org.springframework.context.annotation.ClassPathScanningCandidateComponentProvider - Identified candidate component class: file [D:\testworkspace\RestfulTest\target\classes\com\rest\RestfulTestApplication.class]
17:02:41.968 [main] INFO org.springframework.boot.test.context.SpringBootTestContextBootstrapper - Found @SpringBootConfiguration com.rest.RestfulTestApplication for test class com.rest.RestfulTestApplicationTests
17:02:42.173 [main] DEBUG org.springframework.boot.test.context.SpringBootTestContextBootstrapper - @TestExecutionListeners is not present for class [com.rest.RestfulTestApplicationTests]: using defaults.
17:02:42.174 [main] INFO org.springframework.boot.test.context.SpringBootTestContextBootstrapper - Loaded default TestExecutionListener class names from location [META-INF/spring.factories]: [org.springframework.boot.test.mock.mockito.MockitoTestExecutionListener, org.springframework.boot.test.mock.mockito.ResetMocksTestExecutionListener, org.springframework.boot.test.autoconfigure.restdocs.RestDocsTestExecutionListener, org.springframework.boot.test.autoconfigure.web.client.MockRestServiceServerResetTestExecutionListener, org.springframework.boot.test.autoconfigure.web.servlet.MockMvcPrintOnlyOnFailureTestExecutionListener, org.springframework.boot.test.autoconfigure.web.servlet.WebDriverTestExecutionListener, org.springframework.test.context.web.ServletTestExecutionListener, org.springframework.test.context.support.DirtiesContextBeforeModesTestExecutionListener, org.springframework.test.context.support.DependencyInjectionTestExecutionListener, org.springframework.test.context.support.DirtiesContextTestExecutionListener, org.springframework.test.context.transaction.TransactionalTestExecutionListener, org.springframework.test.context.jdbc.SqlScriptsTestExecutionListener]
17:02:42.199 [main] DEBUG org.springframework.boot.test.context.SpringBootTestContextBootstrapper - Skipping candidate TestExecutionListener [org.springframework.test.context.transaction.TransactionalTestExecutionListener] due to a missing dependency. Specify custom listener classes or make the default listener classes and their required dependencies available. Offending class: [org/springframework/transaction/interceptor/TransactionAttributeSource]
17:02:42.201 [main] DEBUG org.springframework.boot.test.context.SpringBootTestContextBootstrapper - Skipping candidate TestExecutionListener [org.springframework.test.context.jdbc.SqlScriptsTestExecutionListener] due to a missing dependency. Specify custom listener classes or make the default listener classes and their required dependencies available. Offending class: [org/springframework/transaction/interceptor/TransactionAttribute]
17:02:42.201 [main] INFO org.springframework.boot.test.context.SpringBootTestContextBootstrapper - Using TestExecutionListeners: [org.springframework.test.context.web.ServletTestExecutionListener@3c46e67a, org.springframework.test.context.support.DirtiesContextBeforeModesTestExecutionListener@c730b35, org.springframework.boot.test.mock.mockito.MockitoTestExecutionListener@206a70ef, org.springframework.boot.test.autoconfigure.SpringBootDependencyInjectionTestExecutionListener@292b08d6, org.springframework.test.context.support.DirtiesContextTestExecutionListener@22555ebf, org.springframework.boot.test.mock.mockito.ResetMocksTestExecutionListener@36ebc363, org.springframework.boot.test.autoconfigure.restdocs.RestDocsTestExecutionListener@45752059, org.springframework.boot.test.autoconfigure.web.client.MockRestServiceServerResetTestExecutionListener@34e9fd99, org.springframework.boot.test.autoconfigure.web.servlet.MockMvcPrintOnlyOnFailureTestExecutionListener@3c41ed1d, org.springframework.boot.test.autoconfigure.web.servlet.WebDriverTestExecutionListener@54d9d12d]
17:02:42.205 [main] DEBUG org.springframework.test.annotation.ProfileValueUtils - Retrieved @ProfileValueSourceConfiguration [null] for test class [com.rest.RestfulTestApplicationTests]
17:02:42.207 [main] DEBUG org.springframework.test.annotation.ProfileValueUtils - Retrieved ProfileValueSource type [class org.springframework.test.annotation.SystemProfileValueSource] for class [com.rest.RestfulTestApplicationTests]
17:02:42.210 [main] DEBUG org.springframework.test.annotation.ProfileValueUtils - Retrieved @ProfileValueSourceConfiguration [null] for test class [com.rest.RestfulTestApplicationTests]
17:02:42.210 [main] DEBUG org.springframework.test.annotation.ProfileValueUtils - Retrieved ProfileValueSource type [class org.springframework.test.annotation.SystemProfileValueSource] for class [com.rest.RestfulTestApplicationTests]
17:02:42.212 [main] DEBUG org.springframework.test.annotation.ProfileValueUtils - Retrieved @ProfileValueSourceConfiguration [null] for test class [com.rest.RestfulTestApplicationTests]
17:02:42.212 [main] DEBUG org.springframework.test.annotation.ProfileValueUtils - Retrieved ProfileValueSource type [class org.springframework.test.annotation.SystemProfileValueSource] for class [com.rest.RestfulTestApplicationTests]
17:02:42.224 [main] DEBUG org.springframework.test.context.support.AbstractDirtiesContextTestExecutionListener - Before test class: context [DefaultTestContext@6743e411 testClass = RestfulTestApplicationTests, testInstance = [null], testMethod = [null], testException = [null], mergedContextConfiguration = [WebMergedContextConfiguration@3eb25e1a testClass = RestfulTestApplicationTests, locations = '{}', classes = '{class com.rest.RestfulTestApplication}', contextInitializerClasses = '[]', activeProfiles = '{}', propertySourceLocations = '{}', propertySourceProperties = '{org.springframework.boot.test.context.SpringBootTestContextBootstrapper=true}', contextCustomizers = set[org.springframework.boot.test.context.filter.ExcludeFilterContextCustomizer@68ceda24, org.springframework.boot.test.json.DuplicateJsonObjectContextCustomizerFactory$DuplicateJsonObjectContextCustomizer@103f852, org.springframework.boot.test.mock.mockito.MockitoContextCustomizer@0, org.springframework.boot.test.web.client.TestRestTemplateContextCustomizer@3d0f8e03, org.springframework.boot.test.autoconfigure.properties.PropertyMappingContextCustomizer@0, org.springframework.boot.test.autoconfigure.web.servlet.WebDriverContextCustomizerFactory$Customizer@17695df3], resourceBasePath = 'src/main/webapp', contextLoader = 'org.springframework.boot.test.context.SpringBootContextLoader', parent = [null]], attributes = map['org.springframework.test.context.web.ServletTestExecutionListener.activateListener' -> true]], class annotated with @DirtiesContext [false] with mode [null].
17:02:42.225 [main] DEBUG org.springframework.test.annotation.ProfileValueUtils - Retrieved @ProfileValueSourceConfiguration [null] for test class [com.rest.RestfulTestApplicationTests]
17:02:42.226 [main] DEBUG org.springframework.test.annotation.ProfileValueUtils - Retrieved ProfileValueSource type [class org.springframework.test.annotation.SystemProfileValueSource] for class [com.rest.RestfulTestApplicationTests]
17:02:42.799 [main] DEBUG org.springframework.test.context.support.TestPropertySourceUtils - Adding inlined properties to environment: {spring.jmx.enabled=false, org.springframework.boot.test.context.SpringBootTestContextBootstrapper=true, server.port=-1}

  .   ____          _            __ _ _
 /\\ / ___'_ __ _ _(_)_ __  __ _ \ \ \ \
( ( )\___ | '_ | '_| | '_ \/ _` | \ \ \ \
 \\/  ___)| |_)| | | | | || (_| |  ) ) ) )
  '  |____| .__|_| |_|_| |_\__, | / / / /
 =========|_|==============|___/=/_/_/_/
 :: Spring Boot ::        (v2.1.1.RELEASE)

2019-01-15 17:02:43.285  INFO 29252 --- [           main] com.rest.RestfulTestApplicationTests     : Starting RestfulTestApplicationTests on SoumyaS2-MSL1 with PID 29252 (started by soumyas2 in D:\testworkspace\RestfulTest)
2019-01-15 17:02:43.290  INFO 29252 --- [           main] com.rest.RestfulTestApplicationTests     : No active profile set, falling back to default profiles: default
2019-01-15 17:02:47.658  INFO 29252 --- [           main] o.s.s.concurrent.ThreadPoolTaskExecutor  : Initializing ExecutorService 'applicationTaskExecutor'
2019-01-15 17:02:48.576  INFO 29252 --- [           main] com.rest.RestfulTestApplicationTests     : Started RestfulTestApplicationTests in 5.747 seconds (JVM running for 8.609)
]]></system-out>
  </testcase>
  <testcase name="test_get_all_customers_getForObject" classname="com.rest.RestfulTestApplicationTests" time="1.011">
    <error message="I/O error on GET request for &quot;http://localhost:8080/customers&quot;: Connection refused: connect; nested exception is java.net.ConnectException: Connection refused: connect" type="org.springframework.web.client.ResourceAccessException">org.springframework.web.client.ResourceAccessException: I/O error on GET request for "http://localhost:8080/customers": Connection refused: connect; nested exception is java.net.ConnectException: Connection refused: connect
	at com.rest.RestfulTestApplicationTests.test_get_all_customers_getForObject(RestfulTestApplicationTests.java:30)
Caused by: java.net.ConnectException: Connection refused: connect
	at com.rest.RestfulTestApplicationTests.test_get_all_customers_getForObject(RestfulTestApplicationTests.java:30)
</error>
  </testcase>
  <testcase name="test_delete_operation_failed_exception" classname="com.rest.RestfulTestApplicationTests" time="1.008">
    <error message="Unexpected exception, expected&lt;org.springframework.web.client.HttpClientErrorException&gt; but was&lt;org.springframework.web.client.ResourceAccessException&gt;" type="java.lang.Exception"><![CDATA[java.lang.Exception: Unexpected exception, expected<org.springframework.web.client.HttpClientErrorException> but was<org.springframework.web.client.ResourceAccessException>
	at com.rest.RestfulTestApplicationTests.test_delete_operation_failed_exception(RestfulTestApplicationTests.java:45)
Caused by: java.net.ConnectException: Connection refused: connect
	at com.rest.RestfulTestApplicationTests.test_delete_operation_failed_exception(RestfulTestApplicationTests.java:45)
]]></error>
  </testcase>
  <testcase name="test_delete_operation_success" classname="com.rest.RestfulTestApplicationTests" time="1.007">
    <error message="Unexpected exception, expected&lt;org.springframework.web.client.HttpClientErrorException&gt; but was&lt;org.springframework.web.client.ResourceAccessException&gt;" type="java.lang.Exception"><![CDATA[java.lang.Exception: Unexpected exception, expected<org.springframework.web.client.HttpClientErrorException> but was<org.springframework.web.client.ResourceAccessException>
	at com.rest.RestfulTestApplicationTests.test_delete_operation_success(RestfulTestApplicationTests.java:51)
Caused by: java.net.ConnectException: Connection refused: connect
	at com.rest.RestfulTestApplicationTests.test_delete_operation_success(RestfulTestApplicationTests.java:51)
]]></error>
  </testcase>
</testsuite>